{"contracts\\Tokens.sol":{"l":{"9":3},"path":"C:\\Users\\Boris\\PortionalVesting\\contracts\\Tokens.sol","s":{"1":3},"b":{},"f":{"1":3},"fnMap":{"1":{"name":"constructor","line":8,"loc":{"start":{"line":8,"column":4},"end":{"line":10,"column":4}}}},"statementMap":{"1":{"start":{"line":9,"column":8},"end":{"line":9,"column":63}}},"branchMap":{}},"contracts\\VestingContract.sol":{"l":{"24":3,"25":3,"26":3,"27":3,"31":0,"32":0,"36":1,"41":0,"42":0,"46":0,"47":0,"49":0,"50":0,"51":0,"52":0,"53":0},"path":"C:\\Users\\Boris\\PortionalVesting\\contracts\\VestingContract.sol","s":{"1":3,"2":3,"3":3,"4":3,"5":0,"6":1,"7":0,"8":0,"9":0,"10":0,"11":0,"12":0,"13":0,"14":0,"15":0},"b":{"1":[0,0],"2":[0,0],"3":[0,0],"4":[0,0]},"f":{"1":3,"2":0,"3":1,"4":0,"5":0},"fnMap":{"1":{"name":"constructor","line":23,"loc":{"start":{"line":23,"column":4},"end":{"line":28,"column":4}}},"2":{"name":"onlyOwner","line":30,"loc":{"start":{"line":30,"column":4},"end":{"line":33,"column":4}}},"3":{"name":"getVestingPeriod","line":35,"loc":{"start":{"line":35,"column":4},"end":{"line":37,"column":4}}},"4":{"name":"addRecipient","line":40,"loc":{"start":{"line":40,"column":4},"end":{"line":43,"column":4}}},"5":{"name":"claim","line":45,"loc":{"start":{"line":45,"column":4},"end":{"line":55,"column":4}}}},"statementMap":{"1":{"start":{"line":24,"column":8},"end":{"line":24,"column":25}},"2":{"start":{"line":25,"column":8},"end":{"line":25,"column":29}},"3":{"start":{"line":26,"column":8},"end":{"line":26,"column":26}},"4":{"start":{"line":27,"column":8},"end":{"line":27,"column":54}},"5":{"start":{"line":31,"column":4},"end":{"line":31,"column":67}},"6":{"start":{"line":36,"column":8},"end":{"line":36,"column":28}},"7":{"start":{"line":41,"column":8},"end":{"line":41,"column":94}},"8":{"start":{"line":42,"column":8},"end":{"line":42,"column":77}},"9":{"start":{"line":46,"column":8},"end":{"line":46,"column":51}},"10":{"start":{"line":47,"column":8},"end":{"line":47,"column":76}},"11":{"start":{"line":49,"column":8},"end":{"line":49,"column":1430}},"12":{"start":{"line":50,"column":12},"end":{"line":50,"column":108}},"13":{"start":{"line":51,"column":12},"end":{"line":51,"column":81}},"14":{"start":{"line":52,"column":12},"end":{"line":52,"column":43}},"15":{"start":{"line":53,"column":12},"end":{"line":53,"column":91}}},"branchMap":{"1":{"line":31,"type":"if","locations":[{"start":{"line":31,"column":4},"end":{"line":31,"column":4}},{"start":{"line":31,"column":4},"end":{"line":31,"column":4}}]},"2":{"line":41,"type":"if","locations":[{"start":{"line":41,"column":8},"end":{"line":41,"column":8}},{"start":{"line":41,"column":8},"end":{"line":41,"column":8}}]},"3":{"line":47,"type":"if","locations":[{"start":{"line":47,"column":8},"end":{"line":47,"column":8}},{"start":{"line":47,"column":8},"end":{"line":47,"column":8}}]},"4":{"line":49,"type":"if","locations":[{"start":{"line":49,"column":8},"end":{"line":49,"column":8}},{"start":{"line":49,"column":8},"end":{"line":49,"column":8}}]}}}}