{"contracts\\Tokens.sol":{"l":{"9":0},"path":"C:\\Users\\Boris\\PortionalVesting\\contracts\\Tokens.sol","s":{"1":0},"b":{},"f":{"1":0},"fnMap":{"1":{"name":"constructor","line":8,"loc":{"start":{"line":8,"column":4},"end":{"line":10,"column":4}}}},"statementMap":{"1":{"start":{"line":9,"column":8},"end":{"line":9,"column":63}}},"branchMap":{}},"contracts\\VestingContract.sol":{"l":{"27":0,"28":0,"29":0,"30":0,"34":0,"35":0,"40":0,"41":0,"45":0,"46":0,"48":0,"49":0,"50":0,"51":0,"52":0},"path":"C:\\Users\\Boris\\PortionalVesting\\contracts\\VestingContract.sol","s":{"1":0,"2":0,"3":0,"4":0,"5":0,"6":0,"7":0,"8":0,"9":0,"10":0,"11":0,"12":0,"13":0,"14":0},"b":{"1":[0,0],"2":[0,0],"3":[0,0],"4":[0,0]},"f":{"1":0,"2":0,"3":0,"4":0},"fnMap":{"1":{"name":"constructor","line":26,"loc":{"start":{"line":26,"column":4},"end":{"line":31,"column":4}}},"2":{"name":"onlyOwner","line":33,"loc":{"start":{"line":33,"column":4},"end":{"line":36,"column":4}}},"3":{"name":"addRecipient","line":39,"loc":{"start":{"line":39,"column":4},"end":{"line":42,"column":4}}},"4":{"name":"claim","line":44,"loc":{"start":{"line":44,"column":4},"end":{"line":54,"column":4}}}},"statementMap":{"1":{"start":{"line":27,"column":8},"end":{"line":27,"column":25}},"2":{"start":{"line":28,"column":8},"end":{"line":28,"column":29}},"3":{"start":{"line":29,"column":8},"end":{"line":29,"column":26}},"4":{"start":{"line":30,"column":8},"end":{"line":30,"column":54}},"5":{"start":{"line":34,"column":4},"end":{"line":34,"column":67}},"6":{"start":{"line":40,"column":8},"end":{"line":40,"column":94}},"7":{"start":{"line":41,"column":8},"end":{"line":41,"column":77}},"8":{"start":{"line":45,"column":8},"end":{"line":45,"column":51}},"9":{"start":{"line":46,"column":8},"end":{"line":46,"column":76}},"10":{"start":{"line":48,"column":8},"end":{"line":48,"column":1361}},"11":{"start":{"line":49,"column":12},"end":{"line":49,"column":108}},"12":{"start":{"line":50,"column":12},"end":{"line":50,"column":81}},"13":{"start":{"line":51,"column":12},"end":{"line":51,"column":43}},"14":{"start":{"line":52,"column":12},"end":{"line":52,"column":91}}},"branchMap":{"1":{"line":34,"type":"if","locations":[{"start":{"line":34,"column":4},"end":{"line":34,"column":4}},{"start":{"line":34,"column":4},"end":{"line":34,"column":4}}]},"2":{"line":40,"type":"if","locations":[{"start":{"line":40,"column":8},"end":{"line":40,"column":8}},{"start":{"line":40,"column":8},"end":{"line":40,"column":8}}]},"3":{"line":46,"type":"if","locations":[{"start":{"line":46,"column":8},"end":{"line":46,"column":8}},{"start":{"line":46,"column":8},"end":{"line":46,"column":8}}]},"4":{"line":48,"type":"if","locations":[{"start":{"line":48,"column":8},"end":{"line":48,"column":8}},{"start":{"line":48,"column":8},"end":{"line":48,"column":8}}]}}}}