TN:
SF:C:\Users\Boris\PortionalVesting\contracts\Tokens.sol
FN:8,constructor
FNF:1
FNH:0
FNDA:0,constructor
DA:9,0
LF:1
LH:0
BRF:0
BRH:0
end_of_record
TN:
SF:C:\Users\Boris\PortionalVesting\contracts\VestingContract.sol
FN:26,constructor
FN:33,onlyOwner
FN:39,addRecipient
FN:44,claim
FNF:4
FNH:0
FNDA:0,constructor
FNDA:0,onlyOwner
FNDA:0,addRecipient
FNDA:0,claim
DA:27,0
DA:28,0
DA:29,0
DA:30,0
DA:34,0
DA:35,0
DA:40,0
DA:41,0
DA:45,0
DA:46,0
DA:48,0
DA:49,0
DA:50,0
DA:51,0
DA:52,0
LF:15
LH:0
BRDA:34,1,0,0
BRDA:34,1,1,0
BRDA:40,2,0,0
BRDA:40,2,1,0
BRDA:46,3,0,0
BRDA:46,3,1,0
BRDA:48,4,0,0
BRDA:48,4,1,0
BRF:8
BRH:0
end_of_record
